<?xml version="1.0" encoding="UTF-8"?>
<testng-results skipped="0" failed="0" total="2" passed="2">
  <reporter-output>
  </reporter-output>
  <suite name="Suite" duration-ms="193049" started-at="2015-09-20T13:11:10Z" finished-at="2015-09-20T13:14:23Z">
    <groups>
    </groups>
    <test name="Test" duration-ms="193049" started-at="2015-09-20T13:11:10Z" finished-at="2015-09-20T13:14:23Z">
      <class name="lalit.testScripts.LoginLogoutTest">
        <test-method status="PASS" signature="preConditions()[pri:0, instance:lalit.testScripts.LoginLogoutTest@50f8963c]" name="preConditions" is-config="true" duration-ms="105367" started-at="2015-09-20T18:41:10Z" finished-at="2015-09-20T18:42:56Z">
          <reporter-output>
          </reporter-output>
        </test-method> <!-- preConditions -->
        <test-method status="PASS" signature="testLoginLogout()[pri:0, instance:lalit.testScripts.LoginLogoutTest@50f8963c]" name="testLoginLogout" duration-ms="7847" started-at="2015-09-20T18:42:56Z" finished-at="2015-09-20T18:43:03Z">
          <reporter-output>
          </reporter-output>
        </test-method> <!-- testLoginLogout -->
        <test-method status="PASS" signature="postConditions()[pri:0, instance:lalit.testScripts.LoginLogoutTest@50f8963c]" name="postConditions" is-config="true" duration-ms="297" started-at="2015-09-20T18:43:03Z" finished-at="2015-09-20T18:43:04Z">
          <reporter-output>
          </reporter-output>
        </test-method> <!-- postConditions -->
      </class> <!-- lalit.testScripts.LoginLogoutTest -->
      <class name="lalit.testScripts.AddnewBillingTypeTest">
        <test-method status="PASS" signature="preConditions()[pri:0, instance:lalit.testScripts.AddnewBillingTypeTest@1af304c8]" name="preConditions" is-config="true" duration-ms="56456" started-at="2015-09-20T18:43:04Z" finished-at="2015-09-20T18:44:00Z">
          <reporter-output>
          </reporter-output>
        </test-method> <!-- preConditions -->
        <test-method status="PASS" signature="verifySuccessfullyAddingBillingType()[pri:0, instance:lalit.testScripts.AddnewBillingTypeTest@1af304c8]" name="verifySuccessfullyAddingBillingType" duration-ms="22739" started-at="2015-09-20T18:44:00Z" finished-at="2015-09-20T18:44:23Z">
          <reporter-output>
          </reporter-output>
        </test-method> <!-- verifySuccessfullyAddingBillingType -->
        <test-method status="PASS" signature="postConditions()[pri:0, instance:lalit.testScripts.AddnewBillingTypeTest@1af304c8]" name="postConditions" is-config="true" duration-ms="343" started-at="2015-09-20T18:44:23Z" finished-at="2015-09-20T18:44:23Z">
          <reporter-output>
          </reporter-output>
        </test-method> <!-- postConditions -->
      </class> <!-- lalit.testScripts.AddnewBillingTypeTest -->
    </test> <!-- Test -->
  </suite> <!-- Suite -->
</testng-results>
