<?xml version="1.0" encoding="UTF-8"?>
<!-- Generated by org.testng.reporters.JUnitXMLReporter -->
<testsuite hostname="Server1" name="MozillaTest" tests="2" failures="0" timestamp="20 Sep 2015 09:15:59 GMT" time="0.047" errors="0">
  <testcase name="@BeforeMethod preConditions" time="0.0" classname="lalit.testScripts.LoginLogoutTest">
    <failure type="java.lang.NullPointerException">
      <![CDATA[java.lang.NullPointerException
	at lalit.testScripts.SuperTestNG.preConditions(SuperTestNG.java:26)
	at java.util.concurrent.FutureTask.run(FutureTask.java:262)
	at java.util.concurrent.ThreadPoolExecutor.runWorker(ThreadPoolExecutor.java:1145)
	at java.util.concurrent.ThreadPoolExecutor$Worker.run(ThreadPoolExecutor.java:615)
	at java.lang.Thread.run(Thread.java:745)
... Removed 18 stack frames]]>
    </failure>
  </testcase> <!-- @BeforeMethod preConditions -->
  <testcase name="@AfterMethod postConditions" time="0.0" classname="lalit.testScripts.LoginLogoutTest">
    <skipped/>
  </testcase> <!-- @AfterMethod postConditions -->
  <testcase name="@BeforeMethod preConditions" time="0.0" classname="lalit.testScripts.AddnewBillingTypeTest">
    <skipped/>
  </testcase> <!-- @BeforeMethod preConditions -->
  <testcase name="@AfterMethod postConditions" time="0.0" classname="lalit.testScripts.AddnewBillingTypeTest">
    <skipped/>
  </testcase> <!-- @AfterMethod postConditions -->
  <testcase name="testLoginLogout" time="0.0" classname="lalit.testScripts.LoginLogoutTest">
    <skipped/>
  </testcase> <!-- testLoginLogout -->
  <testcase name="verifySuccessfullyAddingBillingType" time="0.0" classname="lalit.testScripts.AddnewBillingTypeTest">
    <skipped/>
  </testcase> <!-- verifySuccessfullyAddingBillingType -->
</testsuite> <!-- MozillaTest -->
