<?xml version="1.0" encoding="UTF-8"?>
<!-- Generated by org.testng.reporters.JUnitXMLReporter -->
<testsuite hostname="Server1" name="Test" tests="2" failures="0" timestamp="20 Sep 2015 09:29:12 GMT" time="0.062" errors="0">
  <testcase name="@BeforeMethod preConditions" time="0.0" classname="lalit.testScripts.LoginLogoutTest">
    <failure type="org.testng.TestNGException" message="
Parameter &amp;apos;browser&amp;apos; is required by @Configuration on method preConditions but has not been marked @Optional or defined
in D:\Automation_Testing\PlainPOM\testng.xml">
      <![CDATA[org.testng.TestNGException: 
Parameter 'browser' is required by @Configuration on method preConditions but has not been marked @Optional or defined
in D:\Automation_Testing\PlainPOM\testng.xml
... Removed 23 stack frames]]>
    </failure>
  </testcase> <!-- @BeforeMethod preConditions -->
  <testcase name="@AfterMethod postConditions" time="0.0" classname="lalit.testScripts.LoginLogoutTest">
    <skipped/>
  </testcase> <!-- @AfterMethod postConditions -->
  <testcase name="@BeforeMethod preConditions" time="0.0" classname="lalit.testScripts.AddnewBillingTypeTest">
    <skipped/>
  </testcase> <!-- @BeforeMethod preConditions -->
  <testcase name="@AfterMethod postConditions" time="0.0" classname="lalit.testScripts.AddnewBillingTypeTest">
    <skipped/>
  </testcase> <!-- @AfterMethod postConditions -->
  <testcase name="testLoginLogout" time="0.016" classname="lalit.testScripts.LoginLogoutTest">
    <skipped/>
  </testcase> <!-- testLoginLogout -->
  <testcase name="verifySuccessfullyAddingBillingType" time="0.0" classname="lalit.testScripts.AddnewBillingTypeTest">
    <skipped/>
  </testcase> <!-- verifySuccessfullyAddingBillingType -->
</testsuite> <!-- Test -->
